BUILD LOG
---------
Build Time: 2016-08-23T12:51:23+0200

NODEJS INFORMATION
==================
nodejs: v5.9.0
accepts: 1.3.3
accessibility-developer-tools: 2.10.0
adm-zip: 0.4.7
after: 0.8.1
agent-base: 2.0.1
align-text: 0.1.4
ansi-regex: 2.0.0
ansi-styles: 2.2.1
append-field: 0.1.0
archiver: 0.14.4
archy: 1.0.0
arr-diff: 2.0.0
arr-flatten: 1.0.1
array-find-index: 1.0.1
array-differ: 1.0.0
array-flatten: 1.1.1
array-uniq: 1.0.3
array-unique: 0.2.1
arraybuffer.slice: 0.0.6
asap: 2.0.4
asn1: 0.1.11
assert-plus: 0.1.5
assertion-error: 1.0.2
async: 0.9.2
aws-sign2: 0.5.0
aws4: 1.4.1
backoff: 2.5.0
balanced-match: 0.4.2
backo2: 1.0.2
base64-arraybuffer: 0.1.2
base64-js: 0.0.8
base64id: 0.1.0
beeper: 1.1.0
benchmark: 1.0.0
better-assert: 1.0.2
bl: 0.9.5
blob: 0.0.4
bluebird: 2.10.2
body-parser: 1.15.2
boom: 0.4.2
boxen: 0.3.1
brace-expansion: 1.1.6
braces: 1.8.5
browserstack: 1.5.0
buffer-shims: 1.0.0
buffer-crc32: 0.2.5
builtin-modules: 1.1.1
busboy: 0.2.13
bunyan: 1.8.1
bytes: 2.4.0
callsite: 1.0.0
camelcase-keys: 2.1.0
capture-stack-trace: 1.0.0
caseless: 0.8.0
center-align: 0.1.3
chalk: 1.1.3
cleankill: 1.0.3
cliui: 2.1.0
chai: 3.5.0
clone: 1.0.2
combined-stream: 0.0.7
code-point-at: 1.0.0
component-bind: 1.0.0
clone-stats: 0.0.1
commander: 2.3.0
component-emitter: 1.1.2
component-inherit: 0.0.3
compress-commons: 0.2.9
camelcase: 2.1.1
concat-map: 0.0.1
concat-stream: 1.5.1
concat-with-sourcemaps: 1.0.4
configstore: 2.0.0
content-disposition: 0.5.1
content-type: 1.0.2
cookie: 0.3.1
cookie-signature: 1.0.6
core-util-is: 1.0.2
crc: 3.2.1
crc32-stream: 0.3.4
create-error-class: 3.0.2
cryptiles: 0.2.2
csv: 0.4.6
csv-generate: 0.0.6
csv-parse: 1.1.7
csv-stringify: 0.0.8
ctype: 0.5.3
currently-unhandled: 0.4.1
dashdash: 1.14.0
dateformat: 1.0.12
deap: 1.0.0
debuglog: 1.0.1
debug: 2.2.0
decamelize: 1.2.0
deep-eql: 0.1.3
deep-extend: 0.4.1
defaults: 1.0.3
delayed-stream: 0.0.5
depd: 1.1.0
deprecated: 0.0.1
destroy: 1.0.4
detect-file: 0.1.0
dezalgo: 1.0.3
dicer: 0.2.5
diff: 1.4.0
dot-prop: 2.4.0
dtrace-provider: 0.6.0
duplexer2: 0.0.2
ecc-jsbn: 0.1.1
ee-first: 1.1.1
encodeurl: 1.0.1
end-of-stream: 0.1.5
engine.io: 1.6.11
engine.io-client: 1.6.11
engine.io-parser: 1.2.4
escape-html: 1.0.3
error-ex: 1.3.0
escape-regexp-component: 1.0.2
escape-string-regexp: 1.0.5
etag: 1.7.0
expand-brackets: 0.1.5
expand-range: 1.8.2
expand-tilde: 1.2.2
express: 4.14.0
extend: 3.0.0
extglob: 0.3.2
extsprintf: 1.2.0
fancy-log: 1.2.0
fd-slicer: 1.0.1
filename-regex: 2.0.0
fill-range: 2.2.3
finalhandler: 0.5.0
filled-array: 1.1.0
find-index: 0.1.1
find-up: 1.1.2
findup-sync: 0.4.2
fined: 1.0.1
first-chunk-stream: 1.0.0
flagged-respawn: 0.3.2
for-in: 0.1.5
forever-agent: 0.5.2
form-data: 0.2.0
for-own: 0.1.4
formatio: 1.1.1
formidable: 1.0.17
forwarded: 0.1.0
freeport: 1.0.5
fresh: 0.3.0
fs-exists-sync: 0.1.0
gaze: 0.5.2
generate-function: 2.0.0
generate-object-property: 1.2.0
getpass: 0.1.6
get-stdin: 4.0.1
github-url-from-git: 1.4.0
github-url-from-username-repo: 1.0.2
glob-base: 0.3.0
glob-parent: 2.0.0
glob: 4.5.3
glob-stream: 3.1.18
glob2base: 0.0.12
glob-watcher: 0.0.6
global-modules: 0.2.3
global-prefix: 0.1.4
globule: 0.1.0
glogg: 1.0.0
got: 5.6.0
graceful-fs: 4.1.6
gulp: 3.9.1
graceful-readlink: 1.0.1
growl: 1.9.2
gulp-audit: 1.0.0
gulp-concat: 2.6.0
gulp-header: 1.8.8
gulp-uglify: 1.5.4
gulp-util: 3.0.7
gulplog: 1.0.0
handle-thing: 1.2.5
has-ansi: 2.0.0
har-validator: 2.0.6
has-binary: 0.1.7
has-color: 0.1.7
has-cors: 1.1.0
has-gulplog: 0.1.0
hawk: 1.1.1
hoek: 0.9.1
hosted-git-info: 2.1.5
hpack.js: 2.1.4
http-deceiver: 1.2.7
http-errors: 1.5.0
https-proxy-agent: 1.0.0
http-signature: 0.11.0
iconv-lite: 0.4.13
imurmurhash: 0.1.4
indent-string: 2.1.0
indexof: 0.0.1
inflight: 1.0.5
inherits: 2.0.1
ini: 1.3.4
interpret: 1.0.1
ipaddr.js: 1.1.1
is-absolute: 0.2.5
is-buffer: 1.1.4
is-arrayish: 0.2.1
is-dotfile: 1.0.2
is-builtin-module: 1.0.0
is-equal-shallow: 0.1.3
is-extendable: 0.1.1
is-extglob: 1.0.0
is-finite: 1.0.1
is-fullwidth-code-point: 1.0.0
is-glob: 2.0.1
is-my-json-valid: 2.13.1
is-npm: 1.0.0
is-number: 2.1.0
is-plain-obj: 1.1.0
is-obj: 1.0.1
is-posix-bracket: 0.1.1
is-primitive: 2.0.0
is-property: 1.0.2
is-redirect: 1.0.0
is-relative: 0.2.1
is-retry-allowed: 1.1.0
is-stream: 1.1.0
is-typedarray: 1.0.0
is-unc-path: 0.1.1
is-utf8: 0.2.1
is-windows: 0.2.0
isarray: 0.0.1
isexe: 1.1.2
isobject: 2.1.0
isstream: 0.1.2
jade: 0.26.3
jju: 1.3.0
jodid25519: 1.0.2
jsbn: 0.1.0
json-schema: 0.2.2
json-parse-helpfulerror: 1.0.3
json-stringify-safe: 5.0.1
json3: 3.2.6
jsonpointer: 2.0.0
jsprim: 1.3.0
keep-alive-agent: 0.0.1
kind-of: 3.0.4
latest-version: 2.0.0
lazy-cache: 1.0.4
launchpad: 0.5.3
lazystream: 0.1.0
liftoff: 2.3.0
load-json-file: 1.1.0
lodash: 1.0.2
lodash._basecopy: 3.0.1
lodash._basetostring: 3.0.1
lodash._basevalues: 3.0.0
lodash._getnative: 3.9.1
lodash._isiterateecall: 3.0.9
lodash._reescape: 3.0.0
lodash._reevaluate: 3.0.0
lodash._reinterpolate: 3.0.0
lodash._root: 3.0.1
lodash.assignwith: 4.2.0
lodash.escape: 3.2.0
lodash.isarguments: 3.1.0
lodash.isarray: 3.0.4
lodash.isempty: 4.4.0
lodash.isplainobject: 4.0.6
lodash.isstring: 4.0.1
lodash.keys: 3.1.2
lodash.mapvalues: 4.6.0
lodash.pick: 4.4.0
lodash.restparam: 3.6.1
lodash.template: 3.6.2
lodash.templatesettings: 3.1.1
lolex: 1.3.2
longest: 1.0.1
loud-rejection: 1.6.0
lowercase-keys: 1.0.0
lru-cache: 2.7.3
map-cache: 0.2.2
map-obj: 1.0.1
media-typer: 0.3.0
meow: 3.7.0
merge-descriptors: 1.0.1
methods: 1.1.2
micromatch: 2.3.11
mime-db: 1.23.0
mime: 1.3.4
mime-types: 2.1.11
minimalistic-assert: 1.0.0
minimatch: 2.0.10
minimist: 1.2.0
mkdirp: 0.5.1
mocha: 2.5.3
moment: 2.14.1
ms: 0.7.1
multer: 1.2.0
multipipe: 0.1.2
mv: 2.1.1
nan: 2.4.0
ncp: 2.0.0
negotiator: 0.6.1
node-int64: 0.3.3
node-status-codes: 1.0.0
node-uuid: 1.4.7
nodegit-promise: 4.0.0
nomnom: 1.8.1
normalize-package-data: 2.3.5
normalize-path: 2.0.1
number-is-nan: 1.0.0
oauth-sign: 0.5.0
object-assign: 3.0.0
object-component: 0.0.3
object.omit: 2.0.0
obuf: 1.1.1
on-finished: 2.3.0
once: 1.3.3
orchestrator: 0.3.7
options: 0.0.6
ordered-read-streams: 0.1.0
os-homedir: 1.0.1
os-tmpdir: 1.0.1
osenv: 0.1.3
package-json: 2.3.3
parse-filepath: 1.0.1
parse-glob: 3.0.4
parse-json: 2.2.0
parsejson: 0.0.1
parseqs: 0.0.2
parseuri: 0.0.4
parseurl: 1.3.1
path-exists: 2.1.0
path-is-absolute: 1.0.0
path-root: 0.1.1
path-to-regexp: 0.1.7
path-root-regex: 0.1.2
path-type: 1.1.0
pify: 2.3.0
pend: 1.2.0
pinkie: 2.0.4
pinkie-promise: 2.0.1
plist: 1.2.0
precond: 0.2.3
prepend-http: 1.0.4
preserve: 0.2.0
pretty-hrtime: 1.0.2
process-nextick-args: 1.0.7
progress: 1.1.8
promisify-node: 0.4.0
proxy-addr: 1.1.2
pseudomap: 1.0.2
q: 1.4.1
qs: 6.2.0
randomatic: 1.1.5
range-parser: 1.2.0
raw-body: 2.1.7
rc: 1.1.6
read-all-stream: 3.1.0
read-installed: 3.1.5
read-package-json: 1.3.3
read-pkg: 1.1.0
read-pkg-up: 1.0.1
readable-stream: 1.1.14
readdir-scoped-modules: 1.0.2
rechoir: 0.6.2
redent: 1.0.0
regex-cache: 0.4.3
registry-url: 3.1.0
repeat-element: 1.1.2
repeat-string: 1.5.4
repeating: 2.0.1
replace-ext: 0.0.1
request: 2.51.0
resolve: 1.1.7
resolve-dir: 0.1.1
restify: 4.1.1
right-align: 0.1.3
rimraf: 2.4.5
run-sequence: 1.2.2
safe-json-stringify: 1.0.3
samsam: 1.1.2
sauce-connect-launcher: 0.14.0
select-hose: 2.0.0
selenium-standalone: 5.5.0
semver: 4.3.6
semver-diff: 2.1.0
send: 0.11.1
sequencify: 0.0.7
serve-static: 1.11.1
server-destroy: 1.0.1
serve-waterfall: 1.1.1
setprototypeof: 1.0.1
sigmund: 1.0.1
signal-exit: 3.0.0
sinon: 1.17.5
sinon-chai: 2.8.0
slide: 1.1.6
sntp: 0.2.4
socket.io: 1.4.8
socket.io-adapter: 0.4.0
socket.io-client: 1.4.8
socket.io-parser: 2.2.6
source-map: 0.5.6
sparkles: 1.0.0
spdx-correct: 1.0.2
spdx-exceptions: 1.0.5
spdx-expression-parse: 1.0.2
spdx-license-ids: 1.2.2
spdy: 3.4.0
spdy-transport: 2.0.13
sshpk: 1.9.2
stacky: 1.3.1
statuses: 1.3.0
stream-consume: 0.1.0
stream-transform: 0.1.1
streamsearch: 0.1.2
string-width: 1.0.2
string_decoder: 0.10.31
stringstream: 0.0.5
strip-ansi: 3.0.1
strip-bom: 2.0.0
strip-indent: 1.0.1
strip-json-comments: 1.0.4
supports-color: 2.0.0
tar-stream: 1.1.5
temp: 0.8.3
test-fixture: 1.1.1
through2: 2.0.1
tildify: 1.2.0
time-stamp: 1.0.1
timed-out: 2.0.0
to-array: 0.1.4
to-iso-string: 0.0.2
tough-cookie: 2.3.1
trim-newlines: 1.0.0
tunnel-agent: 0.4.3
tweetnacl: 0.13.3
type-detect: 1.0.0
type-is: 1.6.13
typedarray: 0.0.6
uglify-js: 2.6.4
uglify-save-license: 0.4.1
uglify-to-browserify: 1.0.2
ultron: 1.0.2
unc-path-regex: 0.1.2
underscore: 1.6.0
underscore.string: 3.0.3
unique-stream: 1.0.0
unpipe: 1.0.0
unzip-response: 1.0.0
update-notifier: 0.6.3
urijs: 1.16.1
url-parse-lax: 1.0.0
user-home: 1.1.1
utf8: 2.1.0
util: 0.10.3
util-deprecate: 1.0.2
util-extend: 1.0.3
utils-merge: 1.0.0
uuid: 2.0.2
v8flags: 2.0.11
validate-npm-package-license: 3.0.1
vargs: 0.1.0
vary: 1.1.0
vasync: 1.6.3
verror: 1.8.1
vinyl: 0.5.3
vinyl-fs: 0.3.14
vinyl-sourcemaps-apply: 0.2.1
wbuf: 1.7.2
wct-local: 2.0.11
wct-sauce: 1.8.4
wd: 0.3.12
web-component-tester: 4.3.1
which: 1.2.10
widest-line: 1.0.0
window-size: 0.1.0
wordwrap: 0.0.2
wrappy: 1.0.2
write-file-atomic: 1.2.0
ws: 1.1.0
xdg-basedir: 2.0.0
xmlbuilder: 4.0.0
xmldom: 0.1.22
xmlhttprequest-ssl: 1.5.1
xtend: 4.0.1
yallist: 2.0.0
yargs: 3.10.0
yauzl: 2.6.0
yeast: 0.1.2
zip-stream: 0.5.2
@types/express: 4.0.30
@types/chalk: 0.4.28
@types/express-serve-static-core: 4.0.31
@types/freeport: 1.0.19
@types/serve-static: 1.7.28
@types/mime: 0.0.28
@types/node: 6.0.35
@types/which: 1.0.27

REPO REVISIONS
==============
webcomponentsjs: 50df631691bd6a28de5517dbc54f08a39ddb87d5

BUILD HASHES
============
CustomElements.js: eaf7297ec5a95fcc18ac534350d3849c0bccc285
CustomElements.min.js: ffea1330006251e00792d7778ba7043ef8f4714d
HTMLImports.js: 7f925b8c37c430f39553d744002da8e3da061b69
HTMLImports.min.js: 89647350beee9d065c54223a4054e22d550fc7df
MutationObserver.js: 8f9657b8919cd6b046b799c676688134bcf27913
MutationObserver.min.js: 4c25babfaa7774b6ffa253f8ab7b0d8a3ccbaef6
ShadowDOM.js: d75ae73820573598508e1cba82b5751654a719d0
ShadowDOM.min.js: b3af94325bdf2ed85d6f0806ed545fa05cfaa828
webcomponents-lite-no-import.js: 3b5d3ba58b691b48f0b69d76171327e3cba3ff45
webcomponents-lite-no-import.min.js: eae6f7461b6cea979f6c8b1622409fd9c83973b7
webcomponents-lite.js: dfc9c0cd41fcf4a67b75aeec2480dbfbd76979e3
webcomponents-lite.min.js: efabb56530f2f167f54d62b99f4d19b67031dd3b
webcomponents.js: 19348fcc2550469f8558dfc3fbc53710936a60c2
webcomponents.min.js: 5dda7955978df376528ff5c19ffa92d959fa9e40